<?xml version="1.0" encoding="UTF-8"?>
<!-- Generated by org.testng.reporters.JUnitXMLReporter -->
<testsuite ignored="1" hostname="edulab3" failures="0" tests="2" name="Command line test" time="3.36" errors="0" timestamp="2023-08-25T11:26:05 IST">
  <testcase classname="com.testpages.TestMethod_Googlesearch" name="Verify_searchOption" time="0.03"/>
  <testcase classname="com.testpages.TestMethod_Googlesearch" name="Verify_fb_signup" time="0.0"/>
  <testcase classname="com.testpages.TestMethod_Googlesearch" name="Verify_login" time="0.0">
    <ignored/>
  </testcase> <!-- Verify_login -->
</testsuite> <!-- Command line test -->
