<?xml version="1.0" encoding="UTF-8"?>
<!-- Generated by org.testng.reporters.JUnitXMLReporter -->
<testsuite ignored="0" hostname="edulab3" failures="0" tests="3" name="Default test" time="14.843" errors="0" timestamp="2023-08-25T13:00:52 IST">
  <testcase classname="com.testpages.TestMethod_Googlesearch" name="Verify_searchOption" time="0.393"/>
  <testcase classname="com.testpages.TestMethod_Googlesearch" name="Verify_fb_signup" time="3.23"/>
  <testcase classname="com.testpages.TestMethod_Googlesearch" name="Verify_login" time="4.85"/>
</testsuite> <!-- Default test -->
